<?xml version="1.0" encoding="UTF-8"?>
<testng-results ignored="1" total="2" passed="1" failed="0" skipped="0">
  <reporter-output>
  </reporter-output>
  <suite started-at="2021-05-05T21:44:37 BST" name="Default suite" finished-at="2021-05-05T21:44:45 BST" duration-ms="7575">
    <groups>
    </groups>
    <test started-at="2021-05-05T21:44:37 BST" name="Default test" finished-at="2021-05-05T21:44:45 BST" duration-ms="7575">
      <class name="tests.LoginTests">
        <test-method is-config="true" signature="setup()[pri:0, instance:tests.LoginTests@197d671]" started-at="2021-05-05T21:44:37 BST" name="setup" finished-at="2021-05-05T21:44:44 BST" duration-ms="6389" status="PASS">
          <reporter-output>
          </reporter-output>
        </test-method> <!-- setup -->
        <test-method signature="loginWithValidUsernameAndPassword()[pri:1, instance:tests.LoginTests@197d671]" started-at="2021-05-05T21:44:44 BST" name="loginWithValidUsernameAndPassword" finished-at="2021-05-05T21:44:45 BST" duration-ms="1061" status="PASS">
          <reporter-output>
          </reporter-output>
        </test-method> <!-- loginWithValidUsernameAndPassword -->
        <test-method is-config="true" signature="teardown()[pri:0, instance:tests.LoginTests@197d671]" started-at="2021-05-05T21:44:45 BST" name="teardown" finished-at="2021-05-05T21:44:45 BST" duration-ms="83" status="PASS">
          <reporter-output>
          </reporter-output>
        </test-method> <!-- teardown -->
      </class> <!-- tests.LoginTests -->
    </test> <!-- Default test -->
  </suite> <!-- Default suite -->
</testng-results>
