<?xml version="1.0" encoding="UTF-8"?>
<testng-results ignored="0" total="1" passed="1" failed="0" skipped="0">
  <reporter-output>
  </reporter-output>
  <suite started-at="2021-05-03T22:32:50 BST" name="Default suite" finished-at="2021-05-03T22:33:05 BST" duration-ms="14803">
    <groups>
    </groups>
    <test started-at="2021-05-03T22:32:50 BST" name="Default test" finished-at="2021-05-03T22:33:05 BST" duration-ms="14803">
      <class name="tests.HomepageTests">
        <test-method is-config="true" signature="setup()[pri:0, instance:tests.HomepageTests@4b44655e]" started-at="2021-05-03T22:32:50 BST" name="setup" finished-at="2021-05-03T22:32:59 BST" duration-ms="9031" status="PASS">
          <reporter-output>
          </reporter-output>
        </test-method> <!-- setup -->
        <test-method signature="verifyItemsCanBeAddedToBasket()[pri:0, instance:tests.HomepageTests@4b44655e]" started-at="2021-05-03T22:32:59 BST" name="verifyItemsCanBeAddedToBasket" finished-at="2021-05-03T22:33:05 BST" duration-ms="5710" status="PASS">
          <reporter-output>
          </reporter-output>
        </test-method> <!-- verifyItemsCanBeAddedToBasket -->
      </class> <!-- tests.HomepageTests -->
    </test> <!-- Default test -->
  </suite> <!-- Default suite -->
</testng-results>
