<?xml version="1.0" encoding="UTF-8"?>
<!-- Generated by org.testng.reporters.JUnitXMLReporter -->
<testsuite ignored="1" hostname="Efosas-Air" failures="0" tests="1" name="Default test" time="7.575" errors="0" timestamp="2021-05-05T21:44:45 BST">
  <testcase classname="tests.LoginTests" name="loginWithValidUsernameAndPassword" time="1.061"/>
  <testcase classname="tests.LoginTests" name="loginAsALockedUser" time="0.0">
    <ignored/>
  </testcase> <!-- loginAsALockedUser -->
</testsuite> <!-- Default test -->
